<?xml version="1.0" encoding="UTF-8"?>
<coverage generated="1767967649833" clover="3.2.0">
  <project timestamp="1767967649833" name="All files">
    <metrics statements="31" coveredstatements="28" conditionals="10" coveredconditionals="10" methods="22" coveredmethods="19" elements="63" coveredelements="57" complexity="0" loc="31" ncloc="31" packages="3" files="6" classes="6"/>
    <package name="src">
      <metrics statements="3" coveredstatements="0" conditionals="0" coveredconditionals="0" methods="3" coveredmethods="0"/>
      <file name="App.tsx" path="C:\Users\Santiago\Documents\Proyectos Python\Semestre 3\calidad_software_manana\modulo_3\react-jest-curso\src\App.tsx">
        <metrics statements="3" coveredstatements="0" conditionals="0" coveredconditionals="0" methods="3" coveredmethods="0"/>
        <line num="7" count="0" type="stmt"/>
        <line num="9" count="0" type="stmt"/>
        <line num="21" count="0" type="stmt"/>
      </file>
    </package>
    <package name="src.components">
      <metrics statements="24" coveredstatements="24" conditionals="5" coveredconditionals="5" methods="18" coveredmethods="18"/>
      <file name="Counter.tsx" path="C:\Users\Santiago\Documents\Proyectos Python\Semestre 3\calidad_software_manana\modulo_3\react-jest-curso\src\components\Counter.tsx">
        <metrics statements="7" coveredstatements="7" conditionals="3" coveredconditionals="3" methods="8" coveredmethods="8"/>
        <line num="8" count="12" type="cond" truecount="2" falsecount="0"/>
        <line num="9" count="12" type="stmt"/>
        <line num="11" count="12" type="stmt"/>
        <line num="17" count="1" type="stmt"/>
        <line num="18" count="1" type="stmt"/>
        <line num="19" count="2" type="stmt"/>
        <line num="20" count="1" type="stmt"/>
      </file>
      <file name="ExpensiveList.tsx" path="C:\Users\Santiago\Documents\Proyectos Python\Semestre 3\calidad_software_manana\modulo_3\react-jest-curso\src\components\ExpensiveList.tsx">
        <metrics statements="8" coveredstatements="8" conditionals="2" coveredconditionals="2" methods="5" coveredmethods="5"/>
        <line num="8" count="4" type="stmt"/>
        <line num="10" count="4" type="stmt"/>
        <line num="11" count="4" type="stmt"/>
        <line num="12" count="4" type="cond" truecount="2" falsecount="0"/>
        <line num="13" count="6" type="stmt"/>
        <line num="16" count="4" type="stmt"/>
        <line num="22" count="2" type="stmt"/>
        <line num="30" count="11" type="stmt"/>
      </file>
      <file name="FocusInput.tsx" path="C:\Users\Santiago\Documents\Proyectos Python\Semestre 3\calidad_software_manana\modulo_3\react-jest-curso\src\components\FocusInput.tsx">
        <metrics statements="4" coveredstatements="4" conditionals="0" coveredconditionals="0" methods="2" coveredmethods="2"/>
        <line num="4" count="1" type="stmt"/>
        <line num="6" count="1" type="stmt"/>
        <line num="7" count="1" type="stmt"/>
        <line num="10" count="1" type="stmt"/>
      </file>
      <file name="SearchBox.tsx" path="C:\Users\Santiago\Documents\Proyectos Python\Semestre 3\calidad_software_manana\modulo_3\react-jest-curso\src\components\SearchBox.tsx">
        <metrics statements="5" coveredstatements="5" conditionals="0" coveredconditionals="0" methods="3" coveredmethods="3"/>
        <line num="8" count="10" type="stmt"/>
        <line num="10" count="10" type="stmt"/>
        <line num="11" count="2" type="stmt"/>
        <line num="14" count="10" type="stmt"/>
        <line num="20" count="8" type="stmt"/>
      </file>
    </package>
    <package name="src.utils">
      <metrics statements="4" coveredstatements="4" conditionals="5" coveredconditionals="5" methods="1" coveredmethods="1"/>
      <file name="money.ts" path="C:\Users\Santiago\Documents\Proyectos Python\Semestre 3\calidad_software_manana\modulo_3\react-jest-curso\src\utils\money.ts">
        <metrics statements="4" coveredstatements="4" conditionals="5" coveredconditionals="5" methods="1" coveredmethods="1"/>
        <line num="2" count="5" type="cond" truecount="2" falsecount="0"/>
        <line num="3" count="4" type="cond" truecount="2" falsecount="0"/>
        <line num="6" count="3" type="stmt"/>
        <line num="9" count="3" type="stmt"/>
      </file>
    </package>
  </project>
</coverage>
