{"C:\\Users\\Santiago\\Documents\\Proyectos Python\\Semestre 3\\calidad_software_manana\\modulo_3\\react-jest-curso\\src\\App.tsx": {"path":"C:\\Users\\Santiago\\Documents\\Proyectos Python\\Semestre 3\\calidad_software_manana\\modulo_3\\react-jest-curso\\src\\App.tsx","statementMap":{"0":{"start":{"line":7,"column":28},"end":{"line":7,"column":39}},"1":{"start":{"line":9,"column":2},"end":{"line":32,"column":3}},"2":{"start":{"line":21,"column":31},"end":{"line":21,"column":61}},"3":{"start":{"line":21,"column":51},"end":{"line":21,"column":60}}},"fnMap":{"0":{"name":"App","decl":{"start":{"line":6,"column":9},"end":{"line":6,"column":12}},"loc":{"start":{"line":6,"column":15},"end":{"line":33,"column":1}},"line":6},"1":{"name":"(anonymous_1)","decl":{"start":{"line":21,"column":25},"end":{"line":21,"column":26}},"loc":{"start":{"line":21,"column":31},"end":{"line":21,"column":61}},"line":21},"2":{"name":"(anonymous_2)","decl":{"start":{"line":21,"column":40},"end":{"line":21,"column":41}},"loc":{"start":{"line":21,"column":51},"end":{"line":21,"column":60}},"line":21}},"branchMap":{},"s":{"0":0,"1":0,"2":0,"3":0},"f":{"0":0,"1":0,"2":0},"b":{}}
,"C:\\Users\\Santiago\\Documents\\Proyectos Python\\Semestre 3\\calidad_software_manana\\modulo_3\\react-jest-curso\\src\\components\\Counter.tsx": {"path":"C:\\Users\\Santiago\\Documents\\Proyectos Python\\Semestre 3\\calidad_software_manana\\modulo_3\\react-jest-curso\\src\\components\\Counter.tsx","statementMap":{"0":{"start":{"line":8,"column":23},"end":{"line":8,"column":48}},"1":{"start":{"line":9,"column":30},"end":{"line":9,"column":50}},"2":{"start":{"line":11,"column":4},"end":{"line":22,"column":6}},"3":{"start":{"line":17,"column":35},"end":{"line":17,"column":57}},"4":{"start":{"line":17,"column":51},"end":{"line":17,"column":56}},"5":{"start":{"line":18,"column":35},"end":{"line":18,"column":57}},"6":{"start":{"line":18,"column":51},"end":{"line":18,"column":56}},"7":{"start":{"line":19,"column":35},"end":{"line":19,"column":57}},"8":{"start":{"line":19,"column":51},"end":{"line":19,"column":56}},"9":{"start":{"line":20,"column":35},"end":{"line":20,"column":55}}},"fnMap":{"0":{"name":"Counter","decl":{"start":{"line":7,"column":24},"end":{"line":7,"column":31}},"loc":{"start":{"line":7,"column":56},"end":{"line":23,"column":1}},"line":7},"1":{"name":"(anonymous_1)","decl":{"start":{"line":17,"column":29},"end":{"line":17,"column":30}},"loc":{"start":{"line":17,"column":35},"end":{"line":17,"column":57}},"line":17},"2":{"name":"(anonymous_2)","decl":{"start":{"line":17,"column":44},"end":{"line":17,"column":45}},"loc":{"start":{"line":17,"column":51},"end":{"line":17,"column":56}},"line":17},"3":{"name":"(anonymous_3)","decl":{"start":{"line":18,"column":29},"end":{"line":18,"column":30}},"loc":{"start":{"line":18,"column":35},"end":{"line":18,"column":57}},"line":18},"4":{"name":"(anonymous_4)","decl":{"start":{"line":18,"column":44},"end":{"line":18,"column":45}},"loc":{"start":{"line":18,"column":51},"end":{"line":18,"column":56}},"line":18},"5":{"name":"(anonymous_5)","decl":{"start":{"line":19,"column":29},"end":{"line":19,"column":30}},"loc":{"start":{"line":19,"column":35},"end":{"line":19,"column":57}},"line":19},"6":{"name":"(anonymous_6)","decl":{"start":{"line":19,"column":44},"end":{"line":19,"column":45}},"loc":{"start":{"line":19,"column":51},"end":{"line":19,"column":56}},"line":19},"7":{"name":"(anonymous_7)","decl":{"start":{"line":20,"column":29},"end":{"line":20,"column":30}},"loc":{"start":{"line":20,"column":35},"end":{"line":20,"column":55}},"line":20}},"branchMap":{"0":{"loc":{"start":{"line":7,"column":34},"end":{"line":7,"column":45}},"type":"default-arg","locations":[{"start":{"line":7,"column":44},"end":{"line":7,"column":45}}],"line":7},"1":{"loc":{"start":{"line":8,"column":23},"end":{"line":8,"column":48}},"type":"cond-expr","locations":[{"start":{"line":8,"column":37},"end":{"line":8,"column":38}},{"start":{"line":8,"column":41},"end":{"line":8,"column":48}}],"line":8}},"s":{"0":12,"1":12,"2":12,"3":1,"4":1,"5":1,"6":1,"7":2,"8":2,"9":1},"f":{"0":12,"1":1,"2":1,"3":1,"4":1,"5":2,"6":2,"7":1},"b":{"0":[2],"1":[1,11]},"_coverageSchema":"1a1c01bbd47fc00a2c39e90264f33305004495a9","hash":"d1859edb9270fdcc7c0c43426bb40fdb08587afd"}
,"C:\\Users\\Santiago\\Documents\\Proyectos Python\\Semestre 3\\calidad_software_manana\\modulo_3\\react-jest-curso\\src\\components\\ExpensiveList.tsx": {"path":"C:\\Users\\Santiago\\Documents\\Proyectos Python\\Semestre 3\\calidad_software_manana\\modulo_3\\react-jest-curso\\src\\components\\ExpensiveList.tsx","statementMap":{"0":{"start":{"line":8,"column":30},"end":{"line":8,"column":42}},"1":{"start":{"line":10,"column":21},"end":{"line":14,"column":22}},"2":{"start":{"line":11,"column":18},"end":{"line":11,"column":44}},"3":{"start":{"line":12,"column":8},"end":{"line":12,"column":29}},"4":{"start":{"line":12,"column":16},"end":{"line":12,"column":29}},"5":{"start":{"line":13,"column":8},"end":{"line":13,"column":64}},"6":{"start":{"line":13,"column":35},"end":{"line":13,"column":62}},"7":{"start":{"line":16,"column":4},"end":{"line":34,"column":6}},"8":{"start":{"line":22,"column":33},"end":{"line":22,"column":57}},"9":{"start":{"line":30,"column":20},"end":{"line":30,"column":40}}},"fnMap":{"0":{"name":"ExpensiveList","decl":{"start":{"line":7,"column":24},"end":{"line":7,"column":37}},"loc":{"start":{"line":7,"column":56},"end":{"line":35,"column":1}},"line":7},"1":{"name":"(anonymous_1)","decl":{"start":{"line":10,"column":29},"end":{"line":10,"column":30}},"loc":{"start":{"line":10,"column":35},"end":{"line":14,"column":5}},"line":10},"2":{"name":"(anonymous_2)","decl":{"start":{"line":13,"column":28},"end":{"line":13,"column":29}},"loc":{"start":{"line":13,"column":35},"end":{"line":13,"column":62}},"line":13},"3":{"name":"(anonymous_3)","decl":{"start":{"line":22,"column":26},"end":{"line":22,"column":27}},"loc":{"start":{"line":22,"column":33},"end":{"line":22,"column":57}},"line":22},"4":{"name":"(anonymous_4)","decl":{"start":{"line":29,"column":30},"end":{"line":29,"column":31}},"loc":{"start":{"line":30,"column":20},"end":{"line":30,"column":40}},"line":30}},"branchMap":{"0":{"loc":{"start":{"line":12,"column":8},"end":{"line":12,"column":29}},"type":"if","locations":[{"start":{"line":12,"column":8},"end":{"line":12,"column":29}},{"start":{},"end":{}}],"line":12}},"s":{"0":4,"1":4,"2":4,"3":4,"4":2,"5":2,"6":6,"7":4,"8":2,"9":11},"f":{"0":4,"1":4,"2":6,"3":2,"4":11},"b":{"0":[2,2]},"_coverageSchema":"1a1c01bbd47fc00a2c39e90264f33305004495a9","hash":"ac3fbc55f62195b384801ebb399484a97e253622"}
,"C:\\Users\\Santiago\\Documents\\Proyectos Python\\Semestre 3\\calidad_software_manana\\modulo_3\\react-jest-curso\\src\\components\\FocusInput.tsx": {"path":"C:\\Users\\Santiago\\Documents\\Proyectos Python\\Semestre 3\\calidad_software_manana\\modulo_3\\react-jest-curso\\src\\components\\FocusInput.tsx","statementMap":{"0":{"start":{"line":4,"column":21},"end":{"line":4,"column":58}},"1":{"start":{"line":6,"column":18},"end":{"line":8,"column":5}},"2":{"start":{"line":7,"column":8},"end":{"line":7,"column":34}},"3":{"start":{"line":10,"column":4},"end":{"line":17,"column":6}}},"fnMap":{"0":{"name":"FocusInput","decl":{"start":{"line":3,"column":24},"end":{"line":3,"column":34}},"loc":{"start":{"line":3,"column":37},"end":{"line":18,"column":1}},"line":3},"1":{"name":"(anonymous_1)","decl":{"start":{"line":6,"column":18},"end":{"line":6,"column":19}},"loc":{"start":{"line":6,"column":24},"end":{"line":8,"column":5}},"line":6}},"branchMap":{},"s":{"0":1,"1":1,"2":1,"3":1},"f":{"0":1,"1":1},"b":{},"_coverageSchema":"1a1c01bbd47fc00a2c39e90264f33305004495a9","hash":"7a609075eced411d359354b28716e6da2cc2ed4a"}
,"C:\\Users\\Santiago\\Documents\\Proyectos Python\\Semestre 3\\calidad_software_manana\\modulo_3\\react-jest-curso\\src\\components\\SearchBox.tsx": {"path":"C:\\Users\\Santiago\\Documents\\Proyectos Python\\Semestre 3\\calidad_software_manana\\modulo_3\\react-jest-curso\\src\\components\\SearchBox.tsx","statementMap":{"0":{"start":{"line":8,"column":22},"end":{"line":8,"column":34}},"1":{"start":{"line":10,"column":25},"end":{"line":12,"column":21}},"2":{"start":{"line":11,"column":8},"end":{"line":11,"column":27}},"3":{"start":{"line":14,"column":4},"end":{"line":26,"column":6}},"4":{"start":{"line":20,"column":33},"end":{"line":20,"column":53}}},"fnMap":{"0":{"name":"SearchBox","decl":{"start":{"line":7,"column":24},"end":{"line":7,"column":33}},"loc":{"start":{"line":7,"column":55},"end":{"line":27,"column":1}},"line":7},"1":{"name":"(anonymous_1)","decl":{"start":{"line":10,"column":37},"end":{"line":10,"column":38}},"loc":{"start":{"line":10,"column":43},"end":{"line":12,"column":5}},"line":10},"2":{"name":"(anonymous_2)","decl":{"start":{"line":20,"column":26},"end":{"line":20,"column":27}},"loc":{"start":{"line":20,"column":33},"end":{"line":20,"column":53}},"line":20}},"branchMap":{},"s":{"0":10,"1":10,"2":2,"3":10,"4":8},"f":{"0":10,"1":2,"2":8},"b":{},"_coverageSchema":"1a1c01bbd47fc00a2c39e90264f33305004495a9","hash":"1b3b17ca821be218c18109fccfabe5a0321f20ad"}
,"C:\\Users\\Santiago\\Documents\\Proyectos Python\\Semestre 3\\calidad_software_manana\\modulo_3\\react-jest-curso\\src\\utils\\money.ts": {"path":"C:\\Users\\Santiago\\Documents\\Proyectos Python\\Semestre 3\\calidad_software_manana\\modulo_3\\react-jest-curso\\src\\utils\\money.ts","statementMap":{"0":{"start":{"line":2,"column":4},"end":{"line":2,"column":65}},"1":{"start":{"line":2,"column":30},"end":{"line":2,"column":65}},"2":{"start":{"line":3,"column":4},"end":{"line":3,"column":69}},"3":{"start":{"line":3,"column":34},"end":{"line":3,"column":69}},"4":{"start":{"line":6,"column":18},"end":{"line":6,"column":35}},"5":{"start":{"line":9,"column":4},"end":{"line":9,"column":34}}},"fnMap":{"0":{"name":"formatMoney","decl":{"start":{"line":1,"column":16},"end":{"line":1,"column":27}},"loc":{"start":{"line":1,"column":70},"end":{"line":10,"column":1}},"line":1}},"branchMap":{"0":{"loc":{"start":{"line":1,"column":44},"end":{"line":1,"column":60}},"type":"default-arg","locations":[{"start":{"line":1,"column":55},"end":{"line":1,"column":60}}],"line":1},"1":{"loc":{"start":{"line":2,"column":4},"end":{"line":2,"column":65}},"type":"if","locations":[{"start":{"line":2,"column":4},"end":{"line":2,"column":65}},{"start":{},"end":{}}],"line":2},"2":{"loc":{"start":{"line":3,"column":4},"end":{"line":3,"column":69}},"type":"if","locations":[{"start":{"line":3,"column":4},"end":{"line":3,"column":69}},{"start":{},"end":{}}],"line":3}},"s":{"0":5,"1":1,"2":4,"3":1,"4":3,"5":3},"f":{"0":5},"b":{"0":[4],"1":[1,4],"2":[1,3]},"_coverageSchema":"1a1c01bbd47fc00a2c39e90264f33305004495a9","hash":"45e9f842a877fdb7c992422f53f2dccf59f1bf68"}
}
