{"C:\\Users\\Santiago\\Documents\\Proyectos Python\\Semestre 3\\calidad_software_manana\\modulo_3\\react-jest-curso\\src\\App.tsx": {"path":"C:\\Users\\Santiago\\Documents\\Proyectos Python\\Semestre 3\\calidad_software_manana\\modulo_3\\react-jest-curso\\src\\App.tsx","statementMap":{"0":{"start":{"line":7,"column":28},"end":{"line":7,"column":39}},"1":{"start":{"line":9,"column":2},"end":{"line":32,"column":3}},"2":{"start":{"line":21,"column":31},"end":{"line":21,"column":61}},"3":{"start":{"line":21,"column":51},"end":{"line":21,"column":60}}},"fnMap":{"0":{"name":"App","decl":{"start":{"line":6,"column":9},"end":{"line":6,"column":12}},"loc":{"start":{"line":6,"column":15},"end":{"line":33,"column":1}},"line":6},"1":{"name":"(anonymous_1)","decl":{"start":{"line":21,"column":25},"end":{"line":21,"column":26}},"loc":{"start":{"line":21,"column":31},"end":{"line":21,"column":61}},"line":21},"2":{"name":"(anonymous_2)","decl":{"start":{"line":21,"column":40},"end":{"line":21,"column":41}},"loc":{"start":{"line":21,"column":51},"end":{"line":21,"column":60}},"line":21}},"branchMap":{},"s":{"0":0,"1":0,"2":0,"3":0},"f":{"0":0,"1":0,"2":0},"b":{}}
,"C:\\Users\\Santiago\\Documents\\Proyectos Python\\Semestre 3\\calidad_software_manana\\modulo_3\\react-jest-curso\\src\\components\\Counter.tsx": {"path":"C:\\Users\\Santiago\\Documents\\Proyectos Python\\Semestre 3\\calidad_software_manana\\modulo_3\\react-jest-curso\\src\\components\\Counter.tsx","statementMap":{"0":{"start":{"line":8,"column":30},"end":{"line":8,"column":47}},"1":{"start":{"line":10,"column":4},"end":{"line":20,"column":6}},"2":{"start":{"line":16,"column":35},"end":{"line":16,"column":57}},"3":{"start":{"line":16,"column":51},"end":{"line":16,"column":56}},"4":{"start":{"line":17,"column":35},"end":{"line":17,"column":57}},"5":{"start":{"line":17,"column":51},"end":{"line":17,"column":56}},"6":{"start":{"line":18,"column":35},"end":{"line":18,"column":52}}},"fnMap":{"0":{"name":"Counter","decl":{"start":{"line":7,"column":24},"end":{"line":7,"column":31}},"loc":{"start":{"line":7,"column":56},"end":{"line":21,"column":1}},"line":7},"1":{"name":"(anonymous_1)","decl":{"start":{"line":16,"column":29},"end":{"line":16,"column":30}},"loc":{"start":{"line":16,"column":35},"end":{"line":16,"column":57}},"line":16},"2":{"name":"(anonymous_2)","decl":{"start":{"line":16,"column":44},"end":{"line":16,"column":45}},"loc":{"start":{"line":16,"column":51},"end":{"line":16,"column":56}},"line":16},"3":{"name":"(anonymous_3)","decl":{"start":{"line":17,"column":29},"end":{"line":17,"column":30}},"loc":{"start":{"line":17,"column":35},"end":{"line":17,"column":57}},"line":17},"4":{"name":"(anonymous_4)","decl":{"start":{"line":17,"column":44},"end":{"line":17,"column":45}},"loc":{"start":{"line":17,"column":51},"end":{"line":17,"column":56}},"line":17},"5":{"name":"(anonymous_5)","decl":{"start":{"line":18,"column":29},"end":{"line":18,"column":30}},"loc":{"start":{"line":18,"column":35},"end":{"line":18,"column":52}},"line":18}},"branchMap":{"0":{"loc":{"start":{"line":7,"column":34},"end":{"line":7,"column":45}},"type":"default-arg","locations":[{"start":{"line":7,"column":44},"end":{"line":7,"column":45}}],"line":7}},"s":{"0":8,"1":8,"2":1,"3":1,"4":2,"5":2,"6":1},"f":{"0":8,"1":1,"2":1,"3":2,"4":2,"5":1},"b":{"0":[1]},"_coverageSchema":"1a1c01bbd47fc00a2c39e90264f33305004495a9","hash":"5de774ff46b760d934d400c4d52ec3de4d3f2e54"}
,"C:\\Users\\Santiago\\Documents\\Proyectos Python\\Semestre 3\\calidad_software_manana\\modulo_3\\react-jest-curso\\src\\utils\\money.ts": {"path":"C:\\Users\\Santiago\\Documents\\Proyectos Python\\Semestre 3\\calidad_software_manana\\modulo_3\\react-jest-curso\\src\\utils\\money.ts","statementMap":{"0":{"start":{"line":2,"column":4},"end":{"line":2,"column":65}},"1":{"start":{"line":2,"column":30},"end":{"line":2,"column":65}},"2":{"start":{"line":3,"column":4},"end":{"line":3,"column":69}},"3":{"start":{"line":3,"column":34},"end":{"line":3,"column":69}},"4":{"start":{"line":6,"column":18},"end":{"line":6,"column":35}},"5":{"start":{"line":9,"column":4},"end":{"line":9,"column":34}}},"fnMap":{"0":{"name":"formatMoney","decl":{"start":{"line":1,"column":16},"end":{"line":1,"column":27}},"loc":{"start":{"line":1,"column":70},"end":{"line":10,"column":1}},"line":1}},"branchMap":{"0":{"loc":{"start":{"line":1,"column":44},"end":{"line":1,"column":60}},"type":"default-arg","locations":[{"start":{"line":1,"column":55},"end":{"line":1,"column":60}}],"line":1},"1":{"loc":{"start":{"line":2,"column":4},"end":{"line":2,"column":65}},"type":"if","locations":[{"start":{"line":2,"column":4},"end":{"line":2,"column":65}},{"start":{},"end":{}}],"line":2},"2":{"loc":{"start":{"line":3,"column":4},"end":{"line":3,"column":69}},"type":"if","locations":[{"start":{"line":3,"column":4},"end":{"line":3,"column":69}},{"start":{},"end":{}}],"line":3}},"s":{"0":5,"1":1,"2":4,"3":1,"4":3,"5":3},"f":{"0":5},"b":{"0":[4],"1":[1,4],"2":[1,3]},"_coverageSchema":"1a1c01bbd47fc00a2c39e90264f33305004495a9","hash":"45e9f842a877fdb7c992422f53f2dccf59f1bf68"}
}
