TN:
SF:src\App.tsx
FN:6,App
FN:21,(anonymous_1)
FN:21,(anonymous_2)
FNF:3
FNH:0
FNDA:0,App
FNDA:0,(anonymous_1)
FNDA:0,(anonymous_2)
DA:7,0
DA:9,0
DA:21,0
LF:3
LH:0
BRF:0
BRH:0
end_of_record
TN:
SF:src\components\Counter.tsx
FN:7,Counter
FN:17,(anonymous_1)
FN:17,(anonymous_2)
FN:18,(anonymous_3)
FN:18,(anonymous_4)
FN:19,(anonymous_5)
FN:19,(anonymous_6)
FN:20,(anonymous_7)
FNF:8
FNH:8
FNDA:12,Counter
FNDA:1,(anonymous_1)
FNDA:1,(anonymous_2)
FNDA:1,(anonymous_3)
FNDA:1,(anonymous_4)
FNDA:2,(anonymous_5)
FNDA:2,(anonymous_6)
FNDA:1,(anonymous_7)
DA:8,12
DA:9,12
DA:11,12
DA:17,1
DA:18,1
DA:19,2
DA:20,1
LF:7
LH:7
BRDA:7,0,0,2
BRDA:8,1,0,1
BRDA:8,1,1,11
BRF:3
BRH:3
end_of_record
TN:
SF:src\components\ExpensiveList.tsx
FN:7,ExpensiveList
FN:10,(anonymous_1)
FN:13,(anonymous_2)
FN:22,(anonymous_3)
FN:29,(anonymous_4)
FNF:5
FNH:5
FNDA:4,ExpensiveList
FNDA:4,(anonymous_1)
FNDA:6,(anonymous_2)
FNDA:2,(anonymous_3)
FNDA:11,(anonymous_4)
DA:8,4
DA:10,4
DA:11,4
DA:12,4
DA:13,6
DA:16,4
DA:22,2
DA:30,11
LF:8
LH:8
BRDA:12,0,0,2
BRDA:12,0,1,2
BRF:2
BRH:2
end_of_record
TN:
SF:src\components\FocusInput.tsx
FN:3,FocusInput
FN:6,(anonymous_1)
FNF:2
FNH:2
FNDA:1,FocusInput
FNDA:1,(anonymous_1)
DA:4,1
DA:6,1
DA:7,1
DA:10,1
LF:4
LH:4
BRF:0
BRH:0
end_of_record
TN:
SF:src\components\SearchBox.tsx
FN:7,SearchBox
FN:10,(anonymous_1)
FN:20,(anonymous_2)
FNF:3
FNH:3
FNDA:10,SearchBox
FNDA:2,(anonymous_1)
FNDA:8,(anonymous_2)
DA:8,10
DA:10,10
DA:11,2
DA:14,10
DA:20,8
LF:5
LH:5
BRF:0
BRH:0
end_of_record
TN:
SF:src\utils\money.ts
FN:1,formatMoney
FNF:1
FNH:1
FNDA:5,formatMoney
DA:2,5
DA:3,4
DA:6,3
DA:9,3
LF:4
LH:4
BRDA:1,0,0,4
BRDA:2,1,0,1
BRDA:2,1,1,4
BRDA:3,2,0,1
BRDA:3,2,1,3
BRF:5
BRH:5
end_of_record
