TN:
SF:src\App.tsx
FN:6,App
FN:21,(anonymous_1)
FN:21,(anonymous_2)
FNF:3
FNH:0
FNDA:0,App
FNDA:0,(anonymous_1)
FNDA:0,(anonymous_2)
DA:7,0
DA:9,0
DA:21,0
LF:3
LH:0
BRF:0
BRH:0
end_of_record
TN:
SF:src\components\Counter.tsx
FN:7,Counter
FN:16,(anonymous_1)
FN:16,(anonymous_2)
FN:17,(anonymous_3)
FN:17,(anonymous_4)
FN:18,(anonymous_5)
FNF:6
FNH:6
FNDA:8,Counter
FNDA:1,(anonymous_1)
FNDA:1,(anonymous_2)
FNDA:2,(anonymous_3)
FNDA:2,(anonymous_4)
FNDA:1,(anonymous_5)
DA:8,8
DA:10,8
DA:16,1
DA:17,2
DA:18,1
LF:5
LH:5
BRDA:7,0,0,1
BRF:1
BRH:1
end_of_record
TN:
SF:src\utils\money.ts
FN:1,formatMoney
FNF:1
FNH:1
FNDA:5,formatMoney
DA:2,5
DA:3,4
DA:6,3
DA:9,3
LF:4
LH:4
BRDA:1,0,0,4
BRDA:2,1,0,1
BRDA:2,1,1,4
BRDA:3,2,0,1
BRDA:3,2,1,3
BRF:5
BRH:5
end_of_record
